<?xml version="1.0" encoding="UTF-8"?>
<!-- Generated by org.testng.reporters.JUnitReportReporter -->
<testsuite hostname="DESKTOP-7ECRDH4" failures="0" tests="1" name="com.testautomation.apitesting.tests.BasicAuth" time="7.523" errors="0" timestamp="2023-07-08T22:05:30 IST" skipped="0">
  <testcase classname="com.testautomation.apitesting.tests.BasicAuth" name="basicAuthAPITest" time="7.523"/>
  <system-out/>
</testsuite> <!-- com.testautomation.apitesting.tests.BasicAuth -->
