<?xml version="1.0" encoding="UTF-8"?>
<!-- Generated by org.testng.reporters.JUnitReportReporter -->
<testsuite hostname="DESKTOP-7ECRDH4" failures="0" tests="1" name="com.testautomation.apitesting.tests.Cookies" time="6.076" errors="0" timestamp="2023-07-08T21:02:16 IST" skipped="0">
  <testcase classname="com.testautomation.apitesting.tests.Cookies" name="cookiesAPITest" time="6.076"/>
  <system-out/>
</testsuite> <!-- com.testautomation.apitesting.tests.Cookies -->
