<?xml version="1.0" encoding="UTF-8"?>
<!-- Generated by org.testng.reporters.JUnitReportReporter -->
<testsuite hostname="DESKTOP-7ECRDH4" failures="0" tests="3" name="com.testautomation.apitesting.tests.DataDrivenTestingUsingJsonFile" time="4.418" errors="0" timestamp="2023-06-10T20:15:15 IST" skipped="0">
  <testcase classname="com.testautomation.apitesting.tests.DataDrivenTestingUsingJsonFile" name="DataDrivenTestingUsingJson" time="1.431"/>
  <system-out/>
  <testcase classname="com.testautomation.apitesting.tests.DataDrivenTestingUsingJsonFile" name="DataDrivenTestingUsingJson" time="1.480"/>
  <system-out/>
  <testcase classname="com.testautomation.apitesting.tests.DataDrivenTestingUsingJsonFile" name="DataDrivenTestingUsingJson" time="1.507"/>
  <system-out/>
</testsuite> <!-- com.testautomation.apitesting.tests.DataDrivenTestingUsingJsonFile -->
