<?xml version="1.0" encoding="UTF-8"?>
<!-- Generated by org.testng.reporters.JUnitReportReporter -->
<testsuite hostname="DESKTOP-7ECRDH4" failures="0" tests="2" name="com.testautomation.apitesting.tests.DataDrivenTestingUsingExcelFile" time="2.974" errors="0" timestamp="2023-06-10T20:15:15 IST" skipped="0">
  <testcase classname="com.testautomation.apitesting.tests.DataDrivenTestingUsingExcelFile" name="DataDrivenTesting" time="1.494"/>
  <system-out/>
  <testcase classname="com.testautomation.apitesting.tests.DataDrivenTestingUsingExcelFile" name="DataDrivenTesting" time="1.480"/>
  <system-out/>
</testsuite> <!-- com.testautomation.apitesting.tests.DataDrivenTestingUsingExcelFile -->
