<?xml version="1.0" encoding="UTF-8"?>
<!-- Generated by org.testng.reporters.JUnitReportReporter -->
<testsuite hostname="DESKTOP-7ECRDH4" failures="0" tests="1" name="com.testautomation.apitesting.tests.CreateAPIRequestDynamically" time="19.231" errors="0" timestamp="2023-06-14T20:55:14 IST" skipped="0">
  <testcase classname="com.testautomation.apitesting.tests.CreateAPIRequestDynamically" name="e2eAPIRequest" time="19.231"/>
  <system-out/>
</testsuite> <!-- com.testautomation.apitesting.tests.CreateAPIRequestDynamically -->
