<?xml version="1.0" encoding="UTF-8"?>
<!-- Generated by org.testng.reporters.JUnitReportReporter -->
<testsuite hostname="DESKTOP-7ECRDH4" failures="0" tests="1" name="com.testautomation.apitesting.tests.TestRetry" time="0.070" errors="0" timestamp="2023-06-17T23:36:22 IST" skipped="0">
  <testcase classname="com.testautomation.apitesting.tests.TestRetry" name="e2eAPIRequest3" time="0.070"/>
  <system-out/>
</testsuite> <!-- com.testautomation.apitesting.tests.TestRetry -->
