<?xml version="1.0" encoding="UTF-8"?>
<!-- Generated by org.testng.reporters.JUnitReportReporter -->
<testsuite hostname="DESKTOP-7ECRDH4" failures="0" tests="1" name="com.testautomation.apitesting.tests.StepRetry" time="13.147" errors="0" timestamp="2023-06-12T20:57:18 IST" skipped="0">
  <testcase classname="com.testautomation.apitesting.tests.StepRetry" name="e2eAPIRequest" time="13.147"/>
  <system-out/>
</testsuite> <!-- com.testautomation.apitesting.tests.StepRetry -->
